<?xml version="1.0" encoding="UTF-8"?>
<!-- Generated by org.testng.reporters.JUnitReportReporter -->
<testsuite skipped="0" hostname="Amar" name="pac1.Sample2" tests="1" failures="0" timestamp="09 Jul 2020 04:20:13 GMT" time="0.006" errors="0">
  <testcase name="add" time="0.006" classname="pac1.Sample2"/>
</testsuite> <!-- pac1.Sample2 -->
